This is pdfTeX, Version 3.14159265-2.6-1.40.19 (TeX Live 2019/dev/Debian) (preloaded format=pdflatex 2021.4.27)  29 APR 2021 10:55
entering extended mode
 restricted \write18 enabled.
 %&-line parsing enabled.
**TorsionBalances.tex
(./TorsionBalances.tex
LaTeX2e <2018-12-01>
(/usr/share/texlive/texmf-dist/tex/latex/base/article.cls
Document Class: article 2018/09/03 v1.4i Standard LaTeX document class
(/usr/share/texlive/texmf-dist/tex/latex/base/size10.clo
File: size10.clo 2018/09/03 v1.4i Standard LaTeX file (size option)
)
\c@part=\count80
\c@section=\count81
\c@subsection=\count82
\c@subsubsection=\count83
\c@paragraph=\count84
\c@subparagraph=\count85
\c@figure=\count86
\c@table=\count87
\abovecaptionskip=\skip41
\belowcaptionskip=\skip42
\bibindent=\dimen102
)
(./TorsionBalances.aux)
\openout1 = `TorsionBalances.aux'.

LaTeX Font Info:    Checking defaults for OML/cmm/m/it on input line 4.
LaTeX Font Info:    ... okay on input line 4.
LaTeX Font Info:    Checking defaults for T1/cmr/m/n on input line 4.
LaTeX Font Info:    ... okay on input line 4.
LaTeX Font Info:    Checking defaults for OT1/cmr/m/n on input line 4.
LaTeX Font Info:    ... okay on input line 4.
LaTeX Font Info:    Checking defaults for OMS/cmsy/m/n on input line 4.
LaTeX Font Info:    ... okay on input line 4.
LaTeX Font Info:    Checking defaults for OMX/cmex/m/n on input line 4.
LaTeX Font Info:    ... okay on input line 4.
LaTeX Font Info:    Checking defaults for U/cmr/m/n on input line 4.
LaTeX Font Info:    ... okay on input line 4.
LaTeX Font Info:    External font `cmex10' loaded for size
(Font)              <12> on input line 9.
LaTeX Font Info:    External font `cmex10' loaded for size
(Font)              <8> on input line 9.
LaTeX Font Info:    External font `cmex10' loaded for size
(Font)              <6> on input line 9.
 (./TorsionBalances.toc
LaTeX Font Info:    External font `cmex10' loaded for size
(Font)              <7> on input line 3.
LaTeX Font Info:    External font `cmex10' loaded for size
(Font)              <5> on input line 3.
)
\tf@toc=\write3
\openout3 = `TorsionBalances.toc'.

 [1

{/var/lib/texmf/fonts/map/pdftex/updmap/pdftex.map}] [2] (./TorsionBalances.aux
) ) 
Here is how much of TeX's memory you used:
 236 strings out of 492615
 2626 string characters out of 6131390
 65596 words of memory out of 5000000
 4221 multiletter control sequences out of 15000+600000
 7895 words of font info for 28 fonts, out of 8000000 for 9000
 1141 hyphenation exceptions out of 8191
 23i,7n,18p,162b,197s stack positions out of 5000i,500n,10000p,200000b,80000s
</usr/share/texlive/texmf-dist/fonts/type1/public/amsfonts/cm/cmbx10.pfb></u
sr/share/texlive/texmf-dist/fonts/type1/public/amsfonts/cm/cmbx12.pfb></usr/sha
re/texlive/texmf-dist/fonts/type1/public/amsfonts/cm/cmr10.pfb></usr/share/texl
ive/texmf-dist/fonts/type1/public/amsfonts/cm/cmr12.pfb></usr/share/texlive/tex
mf-dist/fonts/type1/public/amsfonts/cm/cmr17.pfb>
Output written on TorsionBalances.pdf (2 pages, 71004 bytes).
PDF statistics:
 31 PDF objects out of 1000 (max. 8388607)
 21 compressed objects within 1 object stream
 0 named destinations out of 1000 (max. 500000)
 1 words of extra memory for PDF output out of 10000 (max. 10000000)

